(THU.CST) os is loading ...

Special kernel symbols:
  entry  0x00100000 (phys)
  etext  0x001037a6 (phys)
  edata  0x0010fa16 (phys)
  end    0x00110d40 (phys)
Kernel executable memory footprint: 68KB
ebp:0x00007b38 eip:0x00100a53 args:0x00010094 0x00010094 0x00007b68 0x00100084
    kern/debug/kdebug.c:306: print_stackframe+22
ebp:0x00007b48 eip:0x00100d3f args:0x00000000 0x00000000 0x00000000 0x00007bb8
    kern/debug/kmonitor.c:125: mon_backtrace+10
ebp:0x00007b68 eip:0x00100084 args:0x00000000 0x00007b90 0xffff0000 0x00007b94
    kern/init/init.c:58: grade_backtrace2+19
ebp:0x00007b88 eip:0x001000a6 args:0x00000000 0xffff0000 0x00007bb4 0x00000029
    kern/init/init.c:63: grade_backtrace1+27
ebp:0x00007ba8 eip:0x001000c3 args:0x00000000 0x00100000 0xffff0000 0x00100043
    kern/init/init.c:68: grade_backtrace0+19
ebp:0x00007bc8 eip:0x001000e4 args:0x00000000 0x00000000 0x00000000 0x001037c0
    kern/init/init.c:73: grade_backtrace+26
ebp:0x00007be8 eip:0x00100050 args:0x00000000 0x00000000 0x00000000 0x00007c4f
    kern/init/init.c:30: kern_init+79
ebp:0x00007bf8 eip:0x00007d6e args:0xc031fcfa 0xc08ed88e 0x64e4d08e 0xfa7502a8
    <unknow>: -- 0x00007d6d --
++ setup timer interrupts
0: @ring 0
0:  cs = 8
0:  ds = 10
0:  es = 10
0:  ss = 10
+++ switch to  user  mode +++
1: @ring 3
1:  cs = 1b
1:  ds = 23
1:  es = 23
1:  ss = 23
+++ switch to kernel mode +++
2: @ring 0
2:  cs = 8
2:  ds = 10
2:  es = 10
2:  ss = 10
100 ticks
End of Test.
kernel panic at kern/trap/trap.c:21:
    EOT: kernel seems ok.
Welcome to the kernel debug monitor!!
Type 'help' for a list of commands.
K> 