(THU.CST) os is loading ...

Special kernel symbols:
  entry  0xc010002a (phys)
  etext  0xc0105e42 (phys)
  edata  0xc0117a36 (phys)
  end    0xc0118988 (phys)
Kernel executable memory footprint: 99KB
ebp:0xc0116f48 eip:0xc0100a52 args:0x00010094 0x00010094 0xc0116f78 0xc01000a9
    kern/debug/kdebug.c:309: print_stackframe+22
ebp:0xc0116f58 eip:0xc0100d3e args:0x00000000 0x00000000 0x00000000 0xc0116fc8
    kern/debug/kmonitor.c:129: mon_backtrace+10
ebp:0xc0116f78 eip:0xc01000a9 args:0x00000000 0xc0116fa0 0xffff0000 0xc0116fa4
    kern/init/init.c:49: grade_backtrace2+19
ebp:0xc0116f98 eip:0xc01000cb args:0x00000000 0xffff0000 0xc0116fc4 0x00000029
    kern/init/init.c:54: grade_backtrace1+27
ebp:0xc0116fb8 eip:0xc01000e8 args:0x00000000 0xc010002a 0xffff0000 0xc010006d
    kern/init/init.c:59: grade_backtrace0+19
ebp:0xc0116fd8 eip:0xc0100109 args:0x00000000 0x00000000 0x00000000 0xc0105e60
    kern/init/init.c:64: grade_backtrace+26
ebp:0xc0116ff8 eip:0xc010007a args:0x00000000 0x00000000 0x0000ffff 0x40cf9a00
    kern/init/init.c:29: kern_init+79
memory management: default_pmm_manager
e820map:
  memory: 0009fc00, [00000000, 0009fbff], type = 1.
  memory: 00000400, [0009fc00, 0009ffff], type = 2.
  memory: 00010000, [000f0000, 000fffff], type = 2.
  memory: 07ee0000, [00100000, 07fdffff], type = 1.
  memory: 00020000, [07fe0000, 07ffffff], type = 2.
  memory: 00040000, [fffc0000, ffffffff], type = 2.
check_alloc_page() succeeded!
check_pgdir() succeeded!
check_boot_pgdir() succeeded!
-------------------- BEGIN --------------------
PDE(0e0) c0000000-f8000000 38000000 urw
  |-- PTE(38000) c0000000-f8000000 38000000 -rw
PDE(001) fac00000-fb000000 00400000 -rw
  |-- PTE(000e0) faf00000-fafe0000 000e0000 urw
  |-- PTE(00001) fafeb000-fafec000 00001000 -rw
--------------------- END ---------------------
++ setup timer interrupts
100 ticks
End of Test.
ebp:0xc0116f40 eip:0xc0100a52 args:0xc0116f78 0xc010025f 0xc0116f70 0xc0101e2f
    kern/debug/kdebug.c:309: print_stackframe+22
ebp:0xc0116f50 eip:0xc0101888 args:0xc0106191 0xc0116fb4 0x00000000 0x00000400
    kern/trap/trap.c:18: print_ticks+44
ebp:0xc0116f70 eip:0xc0101e2f args:0xc0116f9c 0xc0100282 0xc0106176 0xc0116fb4
    kern/trap/trap.c:167: trap_dispatch+101
ebp:0xc0116f90 eip:0xc0101eeb args:0xc0116f9c 0x0000807c 0x00010094 0xc0116ff8
    kern/trap/trap.c:205: trap+16
ebp:0xc0116ff8 eip:0xc0102977 args:0x00000000 0x00000000 0x0000ffff 0x40cf9a00
    kern/trap/trapentry.S:24: <unknown>+0
kernel panic at kern/trap/trap.c:18:
    EOT: kernel seems ok.
Welcome to the kernel debug monitor!!
Type 'help' for a list of commands.
K> 