(THU.CST) os is loading ...

Special kernel symbols:
  entry  0xc010002a (phys)
  etext  0xc0108899 (phys)
  edata  0xc0120a60 (phys)
  end    0xc0121b5c (phys)
Kernel executable memory footprint: 135KB
ebp:0xc011ff48 eip:0xc0100a61 args:0x00010094 0x00010094 0xc011ff78 0xc01000b8
    kern/debug/kdebug.c:309: print_stackframe+22
ebp:0xc011ff58 eip:0xc0100d4d args:0x00000000 0x00000000 0x00000000 0xc011ffc8
    kern/debug/kmonitor.c:129: mon_backtrace+10
ebp:0xc011ff78 eip:0xc01000b8 args:0x00000000 0xc011ffa0 0xffff0000 0xc011ffa4
    kern/init/init.c:57: grade_backtrace2+19
ebp:0xc011ff98 eip:0xc01000da args:0x00000000 0xffff0000 0xc011ffc4 0x0000002a
    kern/init/init.c:62: grade_backtrace1+27
ebp:0xc011ffb8 eip:0xc01000f7 args:0x00000000 0xc010002a 0xffff0000 0xc010006d
    kern/init/init.c:67: grade_backtrace0+19
ebp:0xc011ffd8 eip:0xc0100118 args:0x00000000 0x00000000 0x00000000 0xc01088a0
    kern/init/init.c:72: grade_backtrace+26
ebp:0xc011fff8 eip:0xc010007a args:0x00000000 0x00000000 0x0000ffff 0x40cf9a00
    kern/init/init.c:32: kern_init+79
memory management: default_pmm_manager
e820map:
  memory: 0009fc00, [00000000, 0009fbff], type = 1.
  memory: 00000400, [0009fc00, 0009ffff], type = 2.
  memory: 00010000, [000f0000, 000fffff], type = 2.
  memory: 07ee0000, [00100000, 07fdffff], type = 1.
  memory: 00020000, [07fe0000, 07ffffff], type = 2.
  memory: 00040000, [fffc0000, ffffffff], type = 2.
check_alloc_page() succeeded!
check_pgdir() succeeded!
check_boot_pgdir() succeeded!
-------------------- BEGIN --------------------
PDE(0e0) c0000000-f8000000 38000000 urw
  |-- PTE(38000) c0000000-f8000000 38000000 -rw
PDE(001) fac00000-fb000000 00400000 -rw
  |-- PTE(000e0) faf00000-fafe0000 000e0000 urw
  |-- PTE(00001) fafeb000-fafec000 00001000 -rw
--------------------- END ---------------------
check_vma_struct() succeeded!
page fault at 0x00000100: K/W [no page found].
check_pgfault() succeeded!
check_vmm() succeeded.
ide 0:      10000(sectors), 'QEMU HARDDISK'.
ide 1:     262144(sectors), 'QEMU HARDDISK'.
SWAP: manager = fifo swap manager
BEGIN check_swap: count 1, total 31965
setup Page Table for vaddr 0X1000, so alloc a page
setup Page Table vaddr 0~4MB OVER!
set up init env for check_swap begin!
page fault at 0x00001000: K/W [no page found].
page fault at 0x00002000: K/W [no page found].
page fault at 0x00003000: K/W [no page found].
page fault at 0x00004000: K/W [no page found].
set up init env for check_swap over!
write Virt Page c in fifo_check_swap
write Virt Page a in fifo_check_swap
write Virt Page d in fifo_check_swap
write Virt Page b in fifo_check_swap
write Virt Page e in fifo_check_swap
page fault at 0x00005000: K/W [no page found].
swap_out: i 0, store page in vaddr 0x1000 to disk swap entry 2
write Virt Page b in fifo_check_swap
write Virt Page a in fifo_check_swap
page fault at 0x00001000: K/W [no page found].
swap_out: i 0, store page in vaddr 0x2000 to disk swap entry 3
swap_in: load disk swap entry 2 with swap_page in vadr 0x1000
write Virt Page b in fifo_check_swap
page fault at 0x00002000: K/W [no page found].
swap_out: i 0, store page in vaddr 0x3000 to disk swap entry 4
swap_in: load disk swap entry 3 with swap_page in vadr 0x2000
write Virt Page c in fifo_check_swap
page fault at 0x00003000: K/W [no page found].
swap_out: i 0, store page in vaddr 0x4000 to disk swap entry 5
swap_in: load disk swap entry 4 with swap_page in vadr 0x3000
write Virt Page d in fifo_check_swap
page fault at 0x00004000: K/W [no page found].
swap_out: i 0, store page in vaddr 0x5000 to disk swap entry 6
swap_in: load disk swap entry 5 with swap_page in vadr 0x4000
write Virt Page e in fifo_check_swap
page fault at 0x00005000: K/W [no page found].
swap_out: i 0, store page in vaddr 0x1000 to disk swap entry 2
swap_in: load disk swap entry 6 with swap_page in vadr 0x5000
write Virt Page a in fifo_check_swap
page fault at 0x00001000: K/R [no page found].
swap_out: i 0, store page in vaddr 0x2000 to disk swap entry 3
swap_in: load disk swap entry 2 with swap_page in vadr 0x1000
count is 0, total is 7
check_swap() succeeded!
++ setup timer interrupts
100 ticks
End of Test.
ebp:0xc011ff40 eip:0xc0100a61 args:0xc011ff78 0xc010026e 0xc011ff70 0xc01027bb
    kern/debug/kdebug.c:309: print_stackframe+22
ebp:0xc011ff50 eip:0xc01020e2 args:0xc0108cc5 0xc011ffb4 0xffffffff 0xc0128064
    kern/trap/trap.c:20: print_ticks+44
ebp:0xc011ff70 eip:0xc01027bb args:0xc011ff9c 0xc0100291 0xc0108caa 0xc011ffb4
    kern/trap/trap.c:206: trap_dispatch+195
ebp:0xc011ff90 eip:0xc010287d args:0xc011ff9c 0x0000807c 0x00010094 0xc011fff8
    kern/trap/trap.c:244: trap+16
ebp:0xc011fff8 eip:0xc0103309 args:0x00000000 0x00000000 0x0000ffff 0x40cf9a00
    kern/trap/trapentry.S:24: <unknown>+0
kernel panic at kern/trap/trap.c:20:
    EOT: kernel seems ok.
Welcome to the kernel debug monitor!!
Type 'help' for a list of commands.
K> 